<?xml version="1.0" encoding="UTF-8"?>
<!-- Generated by org.testng.reporters.JUnitReportReporter -->
<testsuite hostname="BENRADHAS2" failures="0" tests="4" name="com.qa.opencart.Tests.LoginPageTest" time="6.516" errors="0" timestamp="2025-02-17T15:12:14 IST" skipped="0">
  <testcase classname="com.qa.opencart.Tests.LoginPageTest" name="forgotPasswordExists" time="1.536"/>
  <testcase classname="com.qa.opencart.Tests.LoginPageTest" name="loginPageTitleTest" time="0.015"/>
  <testcase classname="com.qa.opencart.Tests.LoginPageTest" name="loginPageURLTest" time="0.012"/>
  <testcase classname="com.qa.opencart.Tests.LoginPageTest" name="loginTest" time="4.953"/>
</testsuite> <!-- com.qa.opencart.Tests.LoginPageTest -->
