<?xml version="1.0" encoding="UTF-8"?>
<!-- Generated by org.testng.reporters.JUnitReportReporter -->
<testsuite hostname="BENRADHAS2" failures="0" tests="4" name="com.qa.opencart.Tests.LoginPageTest" time="3.378" errors="0" timestamp="2025-03-01T17:07:46 IST" skipped="0">
  <testcase classname="com.qa.opencart.Tests.LoginPageTest" name="forgotPasswordExists" time="0.285"/>
  <testcase classname="com.qa.opencart.Tests.LoginPageTest" name="loginPageTitleTest" time="0.042"/>
  <testcase classname="com.qa.opencart.Tests.LoginPageTest" name="loginPageURLTest" time="0.033"/>
  <testcase classname="com.qa.opencart.Tests.LoginPageTest" name="loginTest" time="3.018"/>
</testsuite> <!-- com.qa.opencart.Tests.LoginPageTest -->
