<?xml version="1.0" encoding="UTF-8"?>
<!-- Generated by org.testng.reporters.JUnitReportReporter -->
<testsuite hostname="BENRADHAS2" failures="0" tests="4" name="com.qa.opencart.Tests.LoginPageTest" time="2.168" errors="0" timestamp="2025-02-06T05:35:38 IST" skipped="0">
  <testcase classname="com.qa.opencart.Tests.LoginPageTest" name="loginTest" time="0.738"/>
  <testcase classname="com.qa.opencart.Tests.LoginPageTest" name="loginPageURLTest" time="0.018"/>
  <testcase classname="com.qa.opencart.Tests.LoginPageTest" name="forgotPasswordExists" time="1.400"/>
  <testcase classname="com.qa.opencart.Tests.LoginPageTest" name="loginPageTitleTest" time="0.012"/>
</testsuite> <!-- com.qa.opencart.Tests.LoginPageTest -->
